C:\USERS\NISHENG\DOCUMENTS\VISUAL STUDIO 2015\PROJECTS\ZKB_SHOP\RELEASE\ZKB_SHOP.EXE
C:\USERS\NISHENG\DOCUMENTS\VISUAL STUDIO 2015\PROJECTS\ZKB_SHOP\RELEASE\ZKB_SHOP.PDB
C:\USERS\NISHENG\DOCUMENTS\VISUAL STUDIO 2015\PROJECTS\ZKB_SHOP\ZKB_SHOP\RELEASE\ACCUM.OBJ
C:\USERS\NISHENG\DOCUMENTS\VISUAL STUDIO 2015\PROJECTS\ZKB_SHOP\ZKB_SHOP\RELEASE\ALGORITHM.OBJ
C:\USERS\NISHENG\DOCUMENTS\VISUAL STUDIO 2015\PROJECTS\ZKB_SHOP\ZKB_SHOP\RELEASE\ALLOC.OBJ
C:\USERS\NISHENG\DOCUMENTS\VISUAL STUDIO 2015\PROJECTS\ZKB_SHOP\ZKB_SHOP\RELEASE\APPROX.OBJ
C:\USERS\NISHENG\DOCUMENTS\VISUAL STUDIO 2015\PROJECTS\ZKB_SHOP\ZKB_SHOP\RELEASE\ARITHM.OBJ
C:\USERS\NISHENG\DOCUMENTS\VISUAL STUDIO 2015\PROJECTS\ZKB_SHOP\ZKB_SHOP\RELEASE\ARRAY.OBJ
C:\USERS\NISHENG\DOCUMENTS\VISUAL STUDIO 2015\PROJECTS\ZKB_SHOP\ZKB_SHOP\RELEASE\ASTARBASE.OBJ
C:\USERS\NISHENG\DOCUMENTS\VISUAL STUDIO 2015\PROJECTS\ZKB_SHOP\ZKB_SHOP\RELEASE\BAGOFWORDS.OBJ
C:\USERS\NISHENG\DOCUMENTS\VISUAL STUDIO 2015\PROJECTS\ZKB_SHOP\ZKB_SHOP\RELEASE\BITSTRM.OBJ
C:\USERS\NISHENG\DOCUMENTS\VISUAL STUDIO 2015\PROJECTS\ZKB_SHOP\ZKB_SHOP\RELEASE\BLOBDETECTOR.OBJ
C:\USERS\NISHENG\DOCUMENTS\VISUAL STUDIO 2015\PROJECTS\ZKB_SHOP\ZKB_SHOP\RELEASE\BRIEF.OBJ
C:\USERS\NISHENG\DOCUMENTS\VISUAL STUDIO 2015\PROJECTS\ZKB_SHOP\ZKB_SHOP\RELEASE\BRISK.OBJ
C:\USERS\NISHENG\DOCUMENTS\VISUAL STUDIO 2015\PROJECTS\ZKB_SHOP\ZKB_SHOP\RELEASE\CANNY.OBJ
C:\USERS\NISHENG\DOCUMENTS\VISUAL STUDIO 2015\PROJECTS\ZKB_SHOP\ZKB_SHOP\RELEASE\CAP.OBJ
C:\USERS\NISHENG\DOCUMENTS\VISUAL STUDIO 2015\PROJECTS\ZKB_SHOP\ZKB_SHOP\RELEASE\CAP_ANDROID.OBJ
C:\USERS\NISHENG\DOCUMENTS\VISUAL STUDIO 2015\PROJECTS\ZKB_SHOP\ZKB_SHOP\RELEASE\CAP_CMU.OBJ
C:\USERS\NISHENG\DOCUMENTS\VISUAL STUDIO 2015\PROJECTS\ZKB_SHOP\ZKB_SHOP\RELEASE\CAP_DC1394.OBJ
C:\USERS\NISHENG\DOCUMENTS\VISUAL STUDIO 2015\PROJECTS\ZKB_SHOP\ZKB_SHOP\RELEASE\CAP_DC1394_V2.OBJ
C:\USERS\NISHENG\DOCUMENTS\VISUAL STUDIO 2015\PROJECTS\ZKB_SHOP\ZKB_SHOP\RELEASE\CAP_DSHOW.OBJ
C:\USERS\NISHENG\DOCUMENTS\VISUAL STUDIO 2015\PROJECTS\ZKB_SHOP\ZKB_SHOP\RELEASE\CAP_IMAGES.OBJ
C:\USERS\NISHENG\DOCUMENTS\VISUAL STUDIO 2015\PROJECTS\ZKB_SHOP\ZKB_SHOP\RELEASE\CAP_INTELPERC.OBJ
C:\USERS\NISHENG\DOCUMENTS\VISUAL STUDIO 2015\PROJECTS\ZKB_SHOP\ZKB_SHOP\RELEASE\CAP_LIBV4L.OBJ
C:\USERS\NISHENG\DOCUMENTS\VISUAL STUDIO 2015\PROJECTS\ZKB_SHOP\ZKB_SHOP\RELEASE\CAP_MSMF.OBJ
C:\USERS\NISHENG\DOCUMENTS\VISUAL STUDIO 2015\PROJECTS\ZKB_SHOP\ZKB_SHOP\RELEASE\CAP_OPENNI.OBJ
C:\USERS\NISHENG\DOCUMENTS\VISUAL STUDIO 2015\PROJECTS\ZKB_SHOP\ZKB_SHOP\RELEASE\CAP_PVAPI.OBJ
C:\USERS\NISHENG\DOCUMENTS\VISUAL STUDIO 2015\PROJECTS\ZKB_SHOP\ZKB_SHOP\RELEASE\CAP_V4L.OBJ
C:\Users\NiSheng\Documents\Visual Studio 2015\Projects\ZKB_shop\ZKB_shop\Release\cl.command.1.tlog
C:\Users\NiSheng\Documents\Visual Studio 2015\Projects\ZKB_shop\ZKB_shop\Release\CL.read.1.tlog
C:\Users\NiSheng\Documents\Visual Studio 2015\Projects\ZKB_shop\ZKB_shop\Release\CL.write.1.tlog
C:\USERS\NISHENG\DOCUMENTS\VISUAL STUDIO 2015\PROJECTS\ZKB_SHOP\ZKB_SHOP\RELEASE\CLAHE.OBJ
C:\USERS\NISHENG\DOCUMENTS\VISUAL STUDIO 2015\PROJECTS\ZKB_SHOP\ZKB_SHOP\RELEASE\CMDPARSER.OBJ
C:\USERS\NISHENG\DOCUMENTS\VISUAL STUDIO 2015\PROJECTS\ZKB_SHOP\ZKB_SHOP\RELEASE\COLOR.OBJ
C:\USERS\NISHENG\DOCUMENTS\VISUAL STUDIO 2015\PROJECTS\ZKB_SHOP\ZKB_SHOP\RELEASE\CONTOURS.OBJ
C:\USERS\NISHENG\DOCUMENTS\VISUAL STUDIO 2015\PROJECTS\ZKB_SHOP\ZKB_SHOP\RELEASE\CONVERT.OBJ
C:\USERS\NISHENG\DOCUMENTS\VISUAL STUDIO 2015\PROJECTS\ZKB_SHOP\ZKB_SHOP\RELEASE\CONVHULL.OBJ
C:\USERS\NISHENG\DOCUMENTS\VISUAL STUDIO 2015\PROJECTS\ZKB_SHOP\ZKB_SHOP\RELEASE\COPY.OBJ
C:\USERS\NISHENG\DOCUMENTS\VISUAL STUDIO 2015\PROJECTS\ZKB_SHOP\ZKB_SHOP\RELEASE\CORNER.OBJ
C:\USERS\NISHENG\DOCUMENTS\VISUAL STUDIO 2015\PROJECTS\ZKB_SHOP\ZKB_SHOP\RELEASE\CORNERSUBPIX.OBJ
C:\USERS\NISHENG\DOCUMENTS\VISUAL STUDIO 2015\PROJECTS\ZKB_SHOP\ZKB_SHOP\RELEASE\DATA.OBJ
C:\USERS\NISHENG\DOCUMENTS\VISUAL STUDIO 2015\PROJECTS\ZKB_SHOP\ZKB_SHOP\RELEASE\DATASTRUCTS.OBJ
C:\USERS\NISHENG\DOCUMENTS\VISUAL STUDIO 2015\PROJECTS\ZKB_SHOP\ZKB_SHOP\RELEASE\DERIV.OBJ
C:\USERS\NISHENG\DOCUMENTS\VISUAL STUDIO 2015\PROJECTS\ZKB_SHOP\ZKB_SHOP\RELEASE\DESCRIPTORS.OBJ
C:\USERS\NISHENG\DOCUMENTS\VISUAL STUDIO 2015\PROJECTS\ZKB_SHOP\ZKB_SHOP\RELEASE\DETECTION_BASED_TRACKER.OBJ
C:\USERS\NISHENG\DOCUMENTS\VISUAL STUDIO 2015\PROJECTS\ZKB_SHOP\ZKB_SHOP\RELEASE\DETECTORS.OBJ
C:\USERS\NISHENG\DOCUMENTS\VISUAL STUDIO 2015\PROJECTS\ZKB_SHOP\ZKB_SHOP\RELEASE\DISTRANSFORM.OBJ
C:\USERS\NISHENG\DOCUMENTS\VISUAL STUDIO 2015\PROJECTS\ZKB_SHOP\ZKB_SHOP\RELEASE\DRAW.OBJ
C:\USERS\NISHENG\DOCUMENTS\VISUAL STUDIO 2015\PROJECTS\ZKB_SHOP\ZKB_SHOP\RELEASE\DRAWING.OBJ
C:\USERS\NISHENG\DOCUMENTS\VISUAL STUDIO 2015\PROJECTS\ZKB_SHOP\ZKB_SHOP\RELEASE\DXT.OBJ
C:\USERS\NISHENG\DOCUMENTS\VISUAL STUDIO 2015\PROJECTS\ZKB_SHOP\ZKB_SHOP\RELEASE\DYNAMIC.OBJ
C:\USERS\NISHENG\DOCUMENTS\VISUAL STUDIO 2015\PROJECTS\ZKB_SHOP\ZKB_SHOP\RELEASE\EMD.OBJ
C:\USERS\NISHENG\DOCUMENTS\VISUAL STUDIO 2015\PROJECTS\ZKB_SHOP\ZKB_SHOP\RELEASE\EVALUATION.OBJ
C:\USERS\NISHENG\DOCUMENTS\VISUAL STUDIO 2015\PROJECTS\ZKB_SHOP\ZKB_SHOP\RELEASE\FACEREC_DEMO.OBJ
C:\USERS\NISHENG\DOCUMENTS\VISUAL STUDIO 2015\PROJECTS\ZKB_SHOP\ZKB_SHOP\RELEASE\FACEREC_EIGENFACES.OBJ
C:\USERS\NISHENG\DOCUMENTS\VISUAL STUDIO 2015\PROJECTS\ZKB_SHOP\ZKB_SHOP\RELEASE\FACEREC_FISHERFACES.OBJ
C:\USERS\NISHENG\DOCUMENTS\VISUAL STUDIO 2015\PROJECTS\ZKB_SHOP\ZKB_SHOP\RELEASE\FACEREC_LBPH.OBJ
C:\USERS\NISHENG\DOCUMENTS\VISUAL STUDIO 2015\PROJECTS\ZKB_SHOP\ZKB_SHOP\RELEASE\FACEREC_SAVE_LOAD.OBJ
C:\USERS\NISHENG\DOCUMENTS\VISUAL STUDIO 2015\PROJECTS\ZKB_SHOP\ZKB_SHOP\RELEASE\FACEREC_VIDEO.OBJ
C:\USERS\NISHENG\DOCUMENTS\VISUAL STUDIO 2015\PROJECTS\ZKB_SHOP\ZKB_SHOP\RELEASE\FAST.OBJ
C:\USERS\NISHENG\DOCUMENTS\VISUAL STUDIO 2015\PROJECTS\ZKB_SHOP\ZKB_SHOP\RELEASE\FAST_SCORE.OBJ
C:\USERS\NISHENG\DOCUMENTS\VISUAL STUDIO 2015\PROJECTS\ZKB_SHOP\ZKB_SHOP\RELEASE\FEATURES2D_INIT.OBJ
C:\USERS\NISHENG\DOCUMENTS\VISUAL STUDIO 2015\PROJECTS\ZKB_SHOP\ZKB_SHOP\RELEASE\FEATURESELECT.OBJ
C:\USERS\NISHENG\DOCUMENTS\VISUAL STUDIO 2015\PROJECTS\ZKB_SHOP\ZKB_SHOP\RELEASE\FILTER.OBJ
C:\USERS\NISHENG\DOCUMENTS\VISUAL STUDIO 2015\PROJECTS\ZKB_SHOP\ZKB_SHOP\RELEASE\FLOODFILL.OBJ
C:\USERS\NISHENG\DOCUMENTS\VISUAL STUDIO 2015\PROJECTS\ZKB_SHOP\ZKB_SHOP\RELEASE\FREAK.OBJ
C:\USERS\NISHENG\DOCUMENTS\VISUAL STUDIO 2015\PROJECTS\ZKB_SHOP\ZKB_SHOP\RELEASE\GABOR.OBJ
C:\USERS\NISHENG\DOCUMENTS\VISUAL STUDIO 2015\PROJECTS\ZKB_SHOP\ZKB_SHOP\RELEASE\GENERALIZED_HOUGH.OBJ
C:\USERS\NISHENG\DOCUMENTS\VISUAL STUDIO 2015\PROJECTS\ZKB_SHOP\ZKB_SHOP\RELEASE\GEOMETRY.OBJ
C:\USERS\NISHENG\DOCUMENTS\VISUAL STUDIO 2015\PROJECTS\ZKB_SHOP\ZKB_SHOP\RELEASE\GL_CORE_3_1.OBJ
C:\USERS\NISHENG\DOCUMENTS\VISUAL STUDIO 2015\PROJECTS\ZKB_SHOP\ZKB_SHOP\RELEASE\GPU_TEST.OBJ
C:\USERS\NISHENG\DOCUMENTS\VISUAL STUDIO 2015\PROJECTS\ZKB_SHOP\ZKB_SHOP\RELEASE\GRABCUT.OBJ
C:\USERS\NISHENG\DOCUMENTS\VISUAL STUDIO 2015\PROJECTS\ZKB_SHOP\ZKB_SHOP\RELEASE\GRFMT_BASE.OBJ
C:\USERS\NISHENG\DOCUMENTS\VISUAL STUDIO 2015\PROJECTS\ZKB_SHOP\ZKB_SHOP\RELEASE\GRFMT_BMP.OBJ
C:\USERS\NISHENG\DOCUMENTS\VISUAL STUDIO 2015\PROJECTS\ZKB_SHOP\ZKB_SHOP\RELEASE\GRFMT_IMAGEIO.OBJ
C:\USERS\NISHENG\DOCUMENTS\VISUAL STUDIO 2015\PROJECTS\ZKB_SHOP\ZKB_SHOP\RELEASE\GRFMT_PXM.OBJ
C:\USERS\NISHENG\DOCUMENTS\VISUAL STUDIO 2015\PROJECTS\ZKB_SHOP\ZKB_SHOP\RELEASE\GRFMT_SUNRAS.OBJ
C:\USERS\NISHENG\DOCUMENTS\VISUAL STUDIO 2015\PROJECTS\ZKB_SHOP\ZKB_SHOP\RELEASE\HISTOGRAM.OBJ
C:\USERS\NISHENG\DOCUMENTS\VISUAL STUDIO 2015\PROJECTS\ZKB_SHOP\ZKB_SHOP\RELEASE\HOUGH.OBJ
C:\USERS\NISHENG\DOCUMENTS\VISUAL STUDIO 2015\PROJECTS\ZKB_SHOP\ZKB_SHOP\RELEASE\IMGWARP.OBJ
C:\USERS\NISHENG\DOCUMENTS\VISUAL STUDIO 2015\PROJECTS\ZKB_SHOP\ZKB_SHOP\RELEASE\KEYPOINT.OBJ
C:\USERS\NISHENG\DOCUMENTS\VISUAL STUDIO 2015\PROJECTS\ZKB_SHOP\ZKB_SHOP\RELEASE\LAPACK.OBJ
C:\USERS\NISHENG\DOCUMENTS\VISUAL STUDIO 2015\PROJECTS\ZKB_SHOP\ZKB_SHOP\RELEASE\LINEFIT.OBJ
C:\Users\NiSheng\Documents\Visual Studio 2015\Projects\ZKB_shop\ZKB_shop\Release\link.command.1.tlog
C:\Users\NiSheng\Documents\Visual Studio 2015\Projects\ZKB_shop\ZKB_shop\Release\link.read.1.tlog
C:\Users\NiSheng\Documents\Visual Studio 2015\Projects\ZKB_shop\ZKB_shop\Release\link.write.1.tlog
C:\Users\NiSheng\Documents\Visual Studio 2015\Projects\ZKB_shop\ZKB_shop\Release\link-cvtres.read.1.tlog
C:\Users\NiSheng\Documents\Visual Studio 2015\Projects\ZKB_shop\ZKB_shop\Release\link-cvtres.write.1.tlog
C:\USERS\NISHENG\DOCUMENTS\VISUAL STUDIO 2015\PROJECTS\ZKB_SHOP\ZKB_SHOP\RELEASE\MAIN.OBJ
C:\USERS\NISHENG\DOCUMENTS\VISUAL STUDIO 2015\PROJECTS\ZKB_SHOP\ZKB_SHOP\RELEASE\MATCHCONTOURS.OBJ
C:\USERS\NISHENG\DOCUMENTS\VISUAL STUDIO 2015\PROJECTS\ZKB_SHOP\ZKB_SHOP\RELEASE\MATCHERS.OBJ
C:\USERS\NISHENG\DOCUMENTS\VISUAL STUDIO 2015\PROJECTS\ZKB_SHOP\ZKB_SHOP\RELEASE\MATHFUNCS.OBJ
C:\USERS\NISHENG\DOCUMENTS\VISUAL STUDIO 2015\PROJECTS\ZKB_SHOP\ZKB_SHOP\RELEASE\MATMUL.OBJ
C:\USERS\NISHENG\DOCUMENTS\VISUAL STUDIO 2015\PROJECTS\ZKB_SHOP\ZKB_SHOP\RELEASE\MATOP.OBJ
C:\USERS\NISHENG\DOCUMENTS\VISUAL STUDIO 2015\PROJECTS\ZKB_SHOP\ZKB_SHOP\RELEASE\MATRIX.OBJ
C:\USERS\NISHENG\DOCUMENTS\VISUAL STUDIO 2015\PROJECTS\ZKB_SHOP\ZKB_SHOP\RELEASE\MOMENTS.OBJ
C:\USERS\NISHENG\DOCUMENTS\VISUAL STUDIO 2015\PROJECTS\ZKB_SHOP\ZKB_SHOP\RELEASE\MORPH.OBJ
C:\USERS\NISHENG\DOCUMENTS\VISUAL STUDIO 2015\PROJECTS\ZKB_SHOP\ZKB_SHOP\RELEASE\MSER.OBJ
C:\Users\NiSheng\Documents\Visual Studio 2015\Projects\ZKB_shop\ZKB_shop\Release\mt.command.1.tlog
C:\Users\NiSheng\Documents\Visual Studio 2015\Projects\ZKB_shop\ZKB_shop\Release\mt.read.1.tlog
C:\Users\NiSheng\Documents\Visual Studio 2015\Projects\ZKB_shop\ZKB_shop\Release\mt.write.1.tlog
C:\USERS\NISHENG\DOCUMENTS\VISUAL STUDIO 2015\PROJECTS\ZKB_SHOP\ZKB_SHOP\RELEASE\MYPORT.OBJ
C:\USERS\NISHENG\DOCUMENTS\VISUAL STUDIO 2015\PROJECTS\ZKB_SHOP\ZKB_SHOP\RELEASE\MYTOOLS.OBJ
C:\USERS\NISHENG\DOCUMENTS\VISUAL STUDIO 2015\PROJECTS\ZKB_SHOP\ZKB_SHOP\RELEASE\OBJDETECTOR.OBJ
C:\USERS\NISHENG\DOCUMENTS\VISUAL STUDIO 2015\PROJECTS\ZKB_SHOP\ZKB_SHOP\RELEASE\OPENGL_INTEROP.OBJ
C:\USERS\NISHENG\DOCUMENTS\VISUAL STUDIO 2015\PROJECTS\ZKB_SHOP\ZKB_SHOP\RELEASE\OPENGL_INTEROP_DEPRECATED.OBJ
C:\USERS\NISHENG\DOCUMENTS\VISUAL STUDIO 2015\PROJECTS\ZKB_SHOP\ZKB_SHOP\RELEASE\ORB.OBJ
C:\USERS\NISHENG\DOCUMENTS\VISUAL STUDIO 2015\PROJECTS\ZKB_SHOP\ZKB_SHOP\RELEASE\OUT.OBJ
C:\USERS\NISHENG\DOCUMENTS\VISUAL STUDIO 2015\PROJECTS\ZKB_SHOP\ZKB_SHOP\RELEASE\PARALLEL.OBJ
C:\USERS\NISHENG\DOCUMENTS\VISUAL STUDIO 2015\PROJECTS\ZKB_SHOP\ZKB_SHOP\RELEASE\PERF_ABS.OBJ
C:\USERS\NISHENG\DOCUMENTS\VISUAL STUDIO 2015\PROJECTS\ZKB_SHOP\ZKB_SHOP\RELEASE\PERF_ADDWEIGHTED.OBJ
C:\USERS\NISHENG\DOCUMENTS\VISUAL STUDIO 2015\PROJECTS\ZKB_SHOP\ZKB_SHOP\RELEASE\PERF_ARITHM.OBJ
C:\USERS\NISHENG\DOCUMENTS\VISUAL STUDIO 2015\PROJECTS\ZKB_SHOP\ZKB_SHOP\RELEASE\PERF_BATCHDISTANCE.OBJ
C:\USERS\NISHENG\DOCUMENTS\VISUAL STUDIO 2015\PROJECTS\ZKB_SHOP\ZKB_SHOP\RELEASE\PERF_BILATERAL.OBJ
C:\USERS\NISHENG\DOCUMENTS\VISUAL STUDIO 2015\PROJECTS\ZKB_SHOP\ZKB_SHOP\RELEASE\PERF_BITWISE.OBJ
C:\USERS\NISHENG\DOCUMENTS\VISUAL STUDIO 2015\PROJECTS\ZKB_SHOP\ZKB_SHOP\RELEASE\PERF_BLUR.OBJ
C:\USERS\NISHENG\DOCUMENTS\VISUAL STUDIO 2015\PROJECTS\ZKB_SHOP\ZKB_SHOP\RELEASE\PERF_CANNY.OBJ
C:\USERS\NISHENG\DOCUMENTS\VISUAL STUDIO 2015\PROJECTS\ZKB_SHOP\ZKB_SHOP\RELEASE\PERF_CASCADECLASSIFIER.OBJ
C:\USERS\NISHENG\DOCUMENTS\VISUAL STUDIO 2015\PROJECTS\ZKB_SHOP\ZKB_SHOP\RELEASE\PERF_CICRLESGRID.OBJ
C:\USERS\NISHENG\DOCUMENTS\VISUAL STUDIO 2015\PROJECTS\ZKB_SHOP\ZKB_SHOP\RELEASE\PERF_COMPARE.OBJ
C:\USERS\NISHENG\DOCUMENTS\VISUAL STUDIO 2015\PROJECTS\ZKB_SHOP\ZKB_SHOP\RELEASE\PERF_CONVERTTO.OBJ
C:\USERS\NISHENG\DOCUMENTS\VISUAL STUDIO 2015\PROJECTS\ZKB_SHOP\ZKB_SHOP\RELEASE\PERF_CORNEREIGENVALSANDVECS.OBJ
C:\USERS\NISHENG\DOCUMENTS\VISUAL STUDIO 2015\PROJECTS\ZKB_SHOP\ZKB_SHOP\RELEASE\PERF_CORNERHARRIS.OBJ
C:\USERS\NISHENG\DOCUMENTS\VISUAL STUDIO 2015\PROJECTS\ZKB_SHOP\ZKB_SHOP\RELEASE\PERF_CVT_COLOR.OBJ
C:\USERS\NISHENG\DOCUMENTS\VISUAL STUDIO 2015\PROJECTS\ZKB_SHOP\ZKB_SHOP\RELEASE\PERF_DFT.OBJ
C:\USERS\NISHENG\DOCUMENTS\VISUAL STUDIO 2015\PROJECTS\ZKB_SHOP\ZKB_SHOP\RELEASE\PERF_DISTANCETRANSFORM.OBJ
C:\USERS\NISHENG\DOCUMENTS\VISUAL STUDIO 2015\PROJECTS\ZKB_SHOP\ZKB_SHOP\RELEASE\PERF_DOT.OBJ
C:\USERS\NISHENG\DOCUMENTS\VISUAL STUDIO 2015\PROJECTS\ZKB_SHOP\ZKB_SHOP\RELEASE\PERF_FAST.OBJ
C:\USERS\NISHENG\DOCUMENTS\VISUAL STUDIO 2015\PROJECTS\ZKB_SHOP\ZKB_SHOP\RELEASE\PERF_FILTER2D.OBJ
C:\USERS\NISHENG\DOCUMENTS\VISUAL STUDIO 2015\PROJECTS\ZKB_SHOP\ZKB_SHOP\RELEASE\PERF_GOODFEATURESTOTRACK.OBJ
C:\USERS\NISHENG\DOCUMENTS\VISUAL STUDIO 2015\PROJECTS\ZKB_SHOP\ZKB_SHOP\RELEASE\PERF_HISTOGRAM.OBJ
C:\USERS\NISHENG\DOCUMENTS\VISUAL STUDIO 2015\PROJECTS\ZKB_SHOP\ZKB_SHOP\RELEASE\PERF_HOUGHLINES.OBJ
C:\USERS\NISHENG\DOCUMENTS\VISUAL STUDIO 2015\PROJECTS\ZKB_SHOP\ZKB_SHOP\RELEASE\PERF_INPAINT.OBJ
C:\USERS\NISHENG\DOCUMENTS\VISUAL STUDIO 2015\PROJECTS\ZKB_SHOP\ZKB_SHOP\RELEASE\PERF_INPUT.OBJ
C:\USERS\NISHENG\DOCUMENTS\VISUAL STUDIO 2015\PROJECTS\ZKB_SHOP\ZKB_SHOP\RELEASE\PERF_INRANGE.OBJ
C:\USERS\NISHENG\DOCUMENTS\VISUAL STUDIO 2015\PROJECTS\ZKB_SHOP\ZKB_SHOP\RELEASE\PERF_INTEGRAL.OBJ
C:\USERS\NISHENG\DOCUMENTS\VISUAL STUDIO 2015\PROJECTS\ZKB_SHOP\ZKB_SHOP\RELEASE\PERF_MAIN.OBJ
C:\USERS\NISHENG\DOCUMENTS\VISUAL STUDIO 2015\PROJECTS\ZKB_SHOP\ZKB_SHOP\RELEASE\PERF_MAT.OBJ
C:\USERS\NISHENG\DOCUMENTS\VISUAL STUDIO 2015\PROJECTS\ZKB_SHOP\ZKB_SHOP\RELEASE\PERF_MATCHTEMPLATE.OBJ
C:\USERS\NISHENG\DOCUMENTS\VISUAL STUDIO 2015\PROJECTS\ZKB_SHOP\ZKB_SHOP\RELEASE\PERF_MATH.OBJ
C:\USERS\NISHENG\DOCUMENTS\VISUAL STUDIO 2015\PROJECTS\ZKB_SHOP\ZKB_SHOP\RELEASE\PERF_MERGE.OBJ
C:\USERS\NISHENG\DOCUMENTS\VISUAL STUDIO 2015\PROJECTS\ZKB_SHOP\ZKB_SHOP\RELEASE\PERF_MINMAXLOC.OBJ
C:\USERS\NISHENG\DOCUMENTS\VISUAL STUDIO 2015\PROJECTS\ZKB_SHOP\ZKB_SHOP\RELEASE\PERF_MORPH.OBJ
C:\USERS\NISHENG\DOCUMENTS\VISUAL STUDIO 2015\PROJECTS\ZKB_SHOP\ZKB_SHOP\RELEASE\PERF_NORM.OBJ
C:\USERS\NISHENG\DOCUMENTS\VISUAL STUDIO 2015\PROJECTS\ZKB_SHOP\ZKB_SHOP\RELEASE\PERF_OPTFLOWPYRLK.OBJ
C:\USERS\NISHENG\DOCUMENTS\VISUAL STUDIO 2015\PROJECTS\ZKB_SHOP\ZKB_SHOP\RELEASE\PERF_ORB.OBJ
C:\USERS\NISHENG\DOCUMENTS\VISUAL STUDIO 2015\PROJECTS\ZKB_SHOP\ZKB_SHOP\RELEASE\PERF_OUTPUT.OBJ
C:\USERS\NISHENG\DOCUMENTS\VISUAL STUDIO 2015\PROJECTS\ZKB_SHOP\ZKB_SHOP\RELEASE\PERF_PNP.OBJ
C:\USERS\NISHENG\DOCUMENTS\VISUAL STUDIO 2015\PROJECTS\ZKB_SHOP\ZKB_SHOP\RELEASE\PERF_PYRAMIDS.OBJ
C:\USERS\NISHENG\DOCUMENTS\VISUAL STUDIO 2015\PROJECTS\ZKB_SHOP\ZKB_SHOP\RELEASE\PERF_REDUCE.OBJ
C:\USERS\NISHENG\DOCUMENTS\VISUAL STUDIO 2015\PROJECTS\ZKB_SHOP\ZKB_SHOP\RELEASE\PERF_REMAP.OBJ
C:\USERS\NISHENG\DOCUMENTS\VISUAL STUDIO 2015\PROJECTS\ZKB_SHOP\ZKB_SHOP\RELEASE\PERF_RESIZE.OBJ
C:\USERS\NISHENG\DOCUMENTS\VISUAL STUDIO 2015\PROJECTS\ZKB_SHOP\ZKB_SHOP\RELEASE\PERF_SEPFILTERS.OBJ
C:\USERS\NISHENG\DOCUMENTS\VISUAL STUDIO 2015\PROJECTS\ZKB_SHOP\ZKB_SHOP\RELEASE\PERF_SPLIT.OBJ
C:\USERS\NISHENG\DOCUMENTS\VISUAL STUDIO 2015\PROJECTS\ZKB_SHOP\ZKB_SHOP\RELEASE\PERF_STAT.OBJ
C:\USERS\NISHENG\DOCUMENTS\VISUAL STUDIO 2015\PROJECTS\ZKB_SHOP\ZKB_SHOP\RELEASE\PERF_STICH.OBJ
C:\USERS\NISHENG\DOCUMENTS\VISUAL STUDIO 2015\PROJECTS\ZKB_SHOP\ZKB_SHOP\RELEASE\PERF_THRESHOLD.OBJ
C:\USERS\NISHENG\DOCUMENTS\VISUAL STUDIO 2015\PROJECTS\ZKB_SHOP\ZKB_SHOP\RELEASE\PERF_TVL1OPTFLOW.OBJ
C:\USERS\NISHENG\DOCUMENTS\VISUAL STUDIO 2015\PROJECTS\ZKB_SHOP\ZKB_SHOP\RELEASE\PERF_WARP.OBJ
C:\USERS\NISHENG\DOCUMENTS\VISUAL STUDIO 2015\PROJECTS\ZKB_SHOP\ZKB_SHOP\RELEASE\PHASECORR.OBJ
C:\USERS\NISHENG\DOCUMENTS\VISUAL STUDIO 2015\PROJECTS\ZKB_SHOP\ZKB_SHOP\RELEASE\PYRAMIDS.OBJ
C:\USERS\NISHENG\DOCUMENTS\VISUAL STUDIO 2015\PROJECTS\ZKB_SHOP\ZKB_SHOP\RELEASE\RAND.OBJ
C:\Users\NiSheng\Documents\Visual Studio 2015\Projects\ZKB_shop\ZKB_shop\Release\rc.command.1.tlog
C:\Users\NiSheng\Documents\Visual Studio 2015\Projects\ZKB_shop\ZKB_shop\Release\rc.read.1.tlog
C:\Users\NiSheng\Documents\Visual Studio 2015\Projects\ZKB_shop\ZKB_shop\Release\rc.write.1.tlog
C:\USERS\NISHENG\DOCUMENTS\VISUAL STUDIO 2015\PROJECTS\ZKB_SHOP\ZKB_SHOP\RELEASE\RESOURCE.RES
C:\USERS\NISHENG\DOCUMENTS\VISUAL STUDIO 2015\PROJECTS\ZKB_SHOP\ZKB_SHOP\RELEASE\ROTCALIPERS.OBJ
C:\USERS\NISHENG\DOCUMENTS\VISUAL STUDIO 2015\PROJECTS\ZKB_SHOP\ZKB_SHOP\RELEASE\SAMPLERS.OBJ
C:\USERS\NISHENG\DOCUMENTS\VISUAL STUDIO 2015\PROJECTS\ZKB_SHOP\ZKB_SHOP\RELEASE\SEGMENTATION.OBJ
C:\USERS\NISHENG\DOCUMENTS\VISUAL STUDIO 2015\PROJECTS\ZKB_SHOP\ZKB_SHOP\RELEASE\SERIALPORT.OBJ
C:\USERS\NISHENG\DOCUMENTS\VISUAL STUDIO 2015\PROJECTS\ZKB_SHOP\ZKB_SHOP\RELEASE\SHAPEDESCR.OBJ
C:\USERS\NISHENG\DOCUMENTS\VISUAL STUDIO 2015\PROJECTS\ZKB_SHOP\ZKB_SHOP\RELEASE\SMOOTH.OBJ
C:\USERS\NISHENG\DOCUMENTS\VISUAL STUDIO 2015\PROJECTS\ZKB_SHOP\ZKB_SHOP\RELEASE\STARDETECTOR.OBJ
C:\USERS\NISHENG\DOCUMENTS\VISUAL STUDIO 2015\PROJECTS\ZKB_SHOP\ZKB_SHOP\RELEASE\STAT.OBJ
C:\USERS\NISHENG\DOCUMENTS\VISUAL STUDIO 2015\PROJECTS\ZKB_SHOP\ZKB_SHOP\RELEASE\STDAFX.OBJ
C:\USERS\NISHENG\DOCUMENTS\VISUAL STUDIO 2015\PROJECTS\ZKB_SHOP\ZKB_SHOP\RELEASE\SUBDIVISION2D.OBJ
C:\USERS\NISHENG\DOCUMENTS\VISUAL STUDIO 2015\PROJECTS\ZKB_SHOP\ZKB_SHOP\RELEASE\SUMPIXELS.OBJ
C:\USERS\NISHENG\DOCUMENTS\VISUAL STUDIO 2015\PROJECTS\ZKB_SHOP\ZKB_SHOP\RELEASE\TABLES.OBJ
C:\USERS\NISHENG\DOCUMENTS\VISUAL STUDIO 2015\PROJECTS\ZKB_SHOP\ZKB_SHOP\RELEASE\TEMPLMATCH.OBJ
C:\USERS\NISHENG\DOCUMENTS\VISUAL STUDIO 2015\PROJECTS\ZKB_SHOP\ZKB_SHOP\RELEASE\TEST_ACCUM.OBJ
C:\USERS\NISHENG\DOCUMENTS\VISUAL STUDIO 2015\PROJECTS\ZKB_SHOP\ZKB_SHOP\RELEASE\TEST_AFFINE3D_ESTIMATOR.OBJ
C:\USERS\NISHENG\DOCUMENTS\VISUAL STUDIO 2015\PROJECTS\ZKB_SHOP\ZKB_SHOP\RELEASE\TEST_APPROXPOLY.OBJ
C:\USERS\NISHENG\DOCUMENTS\VISUAL STUDIO 2015\PROJECTS\ZKB_SHOP\ZKB_SHOP\RELEASE\TEST_ARITHM.OBJ
C:\USERS\NISHENG\DOCUMENTS\VISUAL STUDIO 2015\PROJECTS\ZKB_SHOP\ZKB_SHOP\RELEASE\TEST_BACKGROUNDSUBTRACTOR_GBH.OBJ
C:\USERS\NISHENG\DOCUMENTS\VISUAL STUDIO 2015\PROJECTS\ZKB_SHOP\ZKB_SHOP\RELEASE\TEST_BILATERAL_FILTER.OBJ
C:\USERS\NISHENG\DOCUMENTS\VISUAL STUDIO 2015\PROJECTS\ZKB_SHOP\ZKB_SHOP\RELEASE\TEST_BLENDERS.OBJ
C:\USERS\NISHENG\DOCUMENTS\VISUAL STUDIO 2015\PROJECTS\ZKB_SHOP\ZKB_SHOP\RELEASE\TEST_BOUNDINGRECT.OBJ
C:\USERS\NISHENG\DOCUMENTS\VISUAL STUDIO 2015\PROJECTS\ZKB_SHOP\ZKB_SHOP\RELEASE\TEST_BRISK.OBJ
C:\USERS\NISHENG\DOCUMENTS\VISUAL STUDIO 2015\PROJECTS\ZKB_SHOP\ZKB_SHOP\RELEASE\TEST_BRUTEFORCEMATCHER.OBJ
C:\USERS\NISHENG\DOCUMENTS\VISUAL STUDIO 2015\PROJECTS\ZKB_SHOP\ZKB_SHOP\RELEASE\TEST_CAMERACALIBRATION.OBJ
C:\USERS\NISHENG\DOCUMENTS\VISUAL STUDIO 2015\PROJECTS\ZKB_SHOP\ZKB_SHOP\RELEASE\TEST_CAMERACALIBRATION_ARTIFICIAL.OBJ
C:\USERS\NISHENG\DOCUMENTS\VISUAL STUDIO 2015\PROJECTS\ZKB_SHOP\ZKB_SHOP\RELEASE\TEST_CAMERACALIBRATION_BADARG.OBJ
C:\USERS\NISHENG\DOCUMENTS\VISUAL STUDIO 2015\PROJECTS\ZKB_SHOP\ZKB_SHOP\RELEASE\TEST_CAMSHIFT.OBJ
C:\USERS\NISHENG\DOCUMENTS\VISUAL STUDIO 2015\PROJECTS\ZKB_SHOP\ZKB_SHOP\RELEASE\TEST_CANNY.OBJ
C:\USERS\NISHENG\DOCUMENTS\VISUAL STUDIO 2015\PROJECTS\ZKB_SHOP\ZKB_SHOP\RELEASE\TEST_CASCADEANDHOG.OBJ
C:\USERS\NISHENG\DOCUMENTS\VISUAL STUDIO 2015\PROJECTS\ZKB_SHOP\ZKB_SHOP\RELEASE\TEST_CHESSBOARDGENERATOR.OBJ
C:\USERS\NISHENG\DOCUMENTS\VISUAL STUDIO 2015\PROJECTS\ZKB_SHOP\ZKB_SHOP\RELEASE\TEST_CHESSCORNERS.OBJ
C:\USERS\NISHENG\DOCUMENTS\VISUAL STUDIO 2015\PROJECTS\ZKB_SHOP\ZKB_SHOP\RELEASE\TEST_CHESSCORNERS_BADARG.OBJ
C:\USERS\NISHENG\DOCUMENTS\VISUAL STUDIO 2015\PROJECTS\ZKB_SHOP\ZKB_SHOP\RELEASE\TEST_CHESSCORNERS_TIMING.OBJ
C:\USERS\NISHENG\DOCUMENTS\VISUAL STUDIO 2015\PROJECTS\ZKB_SHOP\ZKB_SHOP\RELEASE\TEST_COLOR.OBJ
C:\USERS\NISHENG\DOCUMENTS\VISUAL STUDIO 2015\PROJECTS\ZKB_SHOP\ZKB_SHOP\RELEASE\TEST_COMPOSE_RT.OBJ
C:\USERS\NISHENG\DOCUMENTS\VISUAL STUDIO 2015\PROJECTS\ZKB_SHOP\ZKB_SHOP\RELEASE\TEST_CONTOURS.OBJ
C:\USERS\NISHENG\DOCUMENTS\VISUAL STUDIO 2015\PROJECTS\ZKB_SHOP\ZKB_SHOP\RELEASE\TEST_CONVHULL.OBJ
C:\USERS\NISHENG\DOCUMENTS\VISUAL STUDIO 2015\PROJECTS\ZKB_SHOP\ZKB_SHOP\RELEASE\TEST_CORNERSSUBPIX.OBJ
C:\USERS\NISHENG\DOCUMENTS\VISUAL STUDIO 2015\PROJECTS\ZKB_SHOP\ZKB_SHOP\RELEASE\TEST_COUNTNONZERO.OBJ
C:\USERS\NISHENG\DOCUMENTS\VISUAL STUDIO 2015\PROJECTS\ZKB_SHOP\ZKB_SHOP\RELEASE\TEST_CVTYUV.OBJ
C:\USERS\NISHENG\DOCUMENTS\VISUAL STUDIO 2015\PROJECTS\ZKB_SHOP\ZKB_SHOP\RELEASE\TEST_DENOISING.OBJ
C:\USERS\NISHENG\DOCUMENTS\VISUAL STUDIO 2015\PROJECTS\ZKB_SHOP\ZKB_SHOP\RELEASE\TEST_DESCRIPTORS_REGRESSION.OBJ
C:\USERS\NISHENG\DOCUMENTS\VISUAL STUDIO 2015\PROJECTS\ZKB_SHOP\ZKB_SHOP\RELEASE\TEST_DETECTORS.OBJ
C:\USERS\NISHENG\DOCUMENTS\VISUAL STUDIO 2015\PROJECTS\ZKB_SHOP\ZKB_SHOP\RELEASE\TEST_DETECTORS_REGRESSION.OBJ
C:\USERS\NISHENG\DOCUMENTS\VISUAL STUDIO 2015\PROJECTS\ZKB_SHOP\ZKB_SHOP\RELEASE\TEST_DISTANCETRANSFORM.OBJ
C:\USERS\NISHENG\DOCUMENTS\VISUAL STUDIO 2015\PROJECTS\ZKB_SHOP\ZKB_SHOP\RELEASE\TEST_DS.OBJ
C:\USERS\NISHENG\DOCUMENTS\VISUAL STUDIO 2015\PROJECTS\ZKB_SHOP\ZKB_SHOP\RELEASE\TEST_DXT.OBJ
C:\USERS\NISHENG\DOCUMENTS\VISUAL STUDIO 2015\PROJECTS\ZKB_SHOP\ZKB_SHOP\RELEASE\TEST_EIGEN.OBJ
C:\USERS\NISHENG\DOCUMENTS\VISUAL STUDIO 2015\PROJECTS\ZKB_SHOP\ZKB_SHOP\RELEASE\TEST_EM.OBJ
C:\USERS\NISHENG\DOCUMENTS\VISUAL STUDIO 2015\PROJECTS\ZKB_SHOP\ZKB_SHOP\RELEASE\TEST_EMD.OBJ
C:\USERS\NISHENG\DOCUMENTS\VISUAL STUDIO 2015\PROJECTS\ZKB_SHOP\ZKB_SHOP\RELEASE\TEST_EMKNEARESTKMEANS.OBJ
C:\USERS\NISHENG\DOCUMENTS\VISUAL STUDIO 2015\PROJECTS\ZKB_SHOP\ZKB_SHOP\RELEASE\TEST_ESTIMATERIGID.OBJ
C:\USERS\NISHENG\DOCUMENTS\VISUAL STUDIO 2015\PROJECTS\ZKB_SHOP\ZKB_SHOP\RELEASE\TEST_FAST.OBJ
C:\USERS\NISHENG\DOCUMENTS\VISUAL STUDIO 2015\PROJECTS\ZKB_SHOP\ZKB_SHOP\RELEASE\TEST_FEATURES2D.OBJ
C:\USERS\NISHENG\DOCUMENTS\VISUAL STUDIO 2015\PROJECTS\ZKB_SHOP\ZKB_SHOP\RELEASE\TEST_FILTER.OBJ
C:\USERS\NISHENG\DOCUMENTS\VISUAL STUDIO 2015\PROJECTS\ZKB_SHOP\ZKB_SHOP\RELEASE\TEST_FLOODFILL.OBJ
C:\USERS\NISHENG\DOCUMENTS\VISUAL STUDIO 2015\PROJECTS\ZKB_SHOP\ZKB_SHOP\RELEASE\TEST_FUNDAM.OBJ
C:\USERS\NISHENG\DOCUMENTS\VISUAL STUDIO 2015\PROJECTS\ZKB_SHOP\ZKB_SHOP\RELEASE\TEST_GBTTEST.OBJ
C:\USERS\NISHENG\DOCUMENTS\VISUAL STUDIO 2015\PROJECTS\ZKB_SHOP\ZKB_SHOP\RELEASE\TEST_GRABCUT.OBJ
C:\USERS\NISHENG\DOCUMENTS\VISUAL STUDIO 2015\PROJECTS\ZKB_SHOP\ZKB_SHOP\RELEASE\TEST_HISTOGRAMS.OBJ
C:\USERS\NISHENG\DOCUMENTS\VISUAL STUDIO 2015\PROJECTS\ZKB_SHOP\ZKB_SHOP\RELEASE\TEST_HOMOGRAPHY.OBJ
C:\USERS\NISHENG\DOCUMENTS\VISUAL STUDIO 2015\PROJECTS\ZKB_SHOP\ZKB_SHOP\RELEASE\TEST_HOUGHLINES.OBJ
C:\USERS\NISHENG\DOCUMENTS\VISUAL STUDIO 2015\PROJECTS\ZKB_SHOP\ZKB_SHOP\RELEASE\TEST_IMGWARP.OBJ
C:\USERS\NISHENG\DOCUMENTS\VISUAL STUDIO 2015\PROJECTS\ZKB_SHOP\ZKB_SHOP\RELEASE\TEST_IMGWARP_STRICT.OBJ
C:\USERS\NISHENG\DOCUMENTS\VISUAL STUDIO 2015\PROJECTS\ZKB_SHOP\ZKB_SHOP\RELEASE\TEST_INPAINT.OBJ
C:\USERS\NISHENG\DOCUMENTS\VISUAL STUDIO 2015\PROJECTS\ZKB_SHOP\ZKB_SHOP\RELEASE\TEST_IO.OBJ
C:\USERS\NISHENG\DOCUMENTS\VISUAL STUDIO 2015\PROJECTS\ZKB_SHOP\ZKB_SHOP\RELEASE\TEST_KALMAN.OBJ
C:\USERS\NISHENG\DOCUMENTS\VISUAL STUDIO 2015\PROJECTS\ZKB_SHOP\ZKB_SHOP\RELEASE\TEST_KEYPOINTS.OBJ
C:\USERS\NISHENG\DOCUMENTS\VISUAL STUDIO 2015\PROJECTS\ZKB_SHOP\ZKB_SHOP\RELEASE\TEST_LSHTABLE_BADARG.OBJ
C:\USERS\NISHENG\DOCUMENTS\VISUAL STUDIO 2015\PROJECTS\ZKB_SHOP\ZKB_SHOP\RELEASE\TEST_MAIN.OBJ
C:\USERS\NISHENG\DOCUMENTS\VISUAL STUDIO 2015\PROJECTS\ZKB_SHOP\ZKB_SHOP\RELEASE\TEST_MAT.OBJ
C:\USERS\NISHENG\DOCUMENTS\VISUAL STUDIO 2015\PROJECTS\ZKB_SHOP\ZKB_SHOP\RELEASE\TEST_MATCHERS.OBJ
C:\USERS\NISHENG\DOCUMENTS\VISUAL STUDIO 2015\PROJECTS\ZKB_SHOP\ZKB_SHOP\RELEASE\TEST_MATCHERS_ALGORITHMIC.OBJ
C:\USERS\NISHENG\DOCUMENTS\VISUAL STUDIO 2015\PROJECTS\ZKB_SHOP\ZKB_SHOP\RELEASE\TEST_MATH.OBJ
C:\USERS\NISHENG\DOCUMENTS\VISUAL STUDIO 2015\PROJECTS\ZKB_SHOP\ZKB_SHOP\RELEASE\TEST_MISC.OBJ
C:\USERS\NISHENG\DOCUMENTS\VISUAL STUDIO 2015\PROJECTS\ZKB_SHOP\ZKB_SHOP\RELEASE\TEST_MLTESTS.OBJ
C:\USERS\NISHENG\DOCUMENTS\VISUAL STUDIO 2015\PROJECTS\ZKB_SHOP\ZKB_SHOP\RELEASE\TEST_MLTESTS2.OBJ
C:\USERS\NISHENG\DOCUMENTS\VISUAL STUDIO 2015\PROJECTS\ZKB_SHOP\ZKB_SHOP\RELEASE\TEST_MOMENTS.OBJ
C:\USERS\NISHENG\DOCUMENTS\VISUAL STUDIO 2015\PROJECTS\ZKB_SHOP\ZKB_SHOP\RELEASE\TEST_MOTIONTEMPLATES.OBJ
C:\USERS\NISHENG\DOCUMENTS\VISUAL STUDIO 2015\PROJECTS\ZKB_SHOP\ZKB_SHOP\RELEASE\TEST_MSER.OBJ
C:\USERS\NISHENG\DOCUMENTS\VISUAL STUDIO 2015\PROJECTS\ZKB_SHOP\ZKB_SHOP\RELEASE\TEST_NEARESTNEIGHBORS.OBJ
C:\USERS\NISHENG\DOCUMENTS\VISUAL STUDIO 2015\PROJECTS\ZKB_SHOP\ZKB_SHOP\RELEASE\TEST_OPERATIONS.OBJ
C:\USERS\NISHENG\DOCUMENTS\VISUAL STUDIO 2015\PROJECTS\ZKB_SHOP\ZKB_SHOP\RELEASE\TEST_OPTFLOW.OBJ
C:\USERS\NISHENG\DOCUMENTS\VISUAL STUDIO 2015\PROJECTS\ZKB_SHOP\ZKB_SHOP\RELEASE\TEST_OPTFLOWPYRLK.OBJ
C:\USERS\NISHENG\DOCUMENTS\VISUAL STUDIO 2015\PROJECTS\ZKB_SHOP\ZKB_SHOP\RELEASE\TEST_ORB.OBJ
C:\USERS\NISHENG\DOCUMENTS\VISUAL STUDIO 2015\PROJECTS\ZKB_SHOP\ZKB_SHOP\RELEASE\TEST_PC.OBJ
C:\USERS\NISHENG\DOCUMENTS\VISUAL STUDIO 2015\PROJECTS\ZKB_SHOP\ZKB_SHOP\RELEASE\TEST_POSIT.OBJ
C:\USERS\NISHENG\DOCUMENTS\VISUAL STUDIO 2015\PROJECTS\ZKB_SHOP\ZKB_SHOP\RELEASE\TEST_PYRSEGMENTATION.OBJ
C:\USERS\NISHENG\DOCUMENTS\VISUAL STUDIO 2015\PROJECTS\ZKB_SHOP\ZKB_SHOP\RELEASE\TEST_RAND.OBJ
C:\USERS\NISHENG\DOCUMENTS\VISUAL STUDIO 2015\PROJECTS\ZKB_SHOP\ZKB_SHOP\RELEASE\TEST_REPROJECT_IMAGE_TO_3D.OBJ
C:\USERS\NISHENG\DOCUMENTS\VISUAL STUDIO 2015\PROJECTS\ZKB_SHOP\ZKB_SHOP\RELEASE\TEST_ROTATION_AND_SCALE_INVARIANCE.OBJ
C:\USERS\NISHENG\DOCUMENTS\VISUAL STUDIO 2015\PROJECTS\ZKB_SHOP\ZKB_SHOP\RELEASE\TEST_SAVE_LOAD.OBJ
C:\USERS\NISHENG\DOCUMENTS\VISUAL STUDIO 2015\PROJECTS\ZKB_SHOP\ZKB_SHOP\RELEASE\TEST_SIMPLEFLOW.OBJ
C:\USERS\NISHENG\DOCUMENTS\VISUAL STUDIO 2015\PROJECTS\ZKB_SHOP\ZKB_SHOP\RELEASE\TEST_SOLVEPNP_RANSAC.OBJ
C:\USERS\NISHENG\DOCUMENTS\VISUAL STUDIO 2015\PROJECTS\ZKB_SHOP\ZKB_SHOP\RELEASE\TEST_STEREOMATCHING.OBJ
C:\USERS\NISHENG\DOCUMENTS\VISUAL STUDIO 2015\PROJECTS\ZKB_SHOP\ZKB_SHOP\RELEASE\TEST_SUBDIVISIONS.OBJ
C:\USERS\NISHENG\DOCUMENTS\VISUAL STUDIO 2015\PROJECTS\ZKB_SHOP\ZKB_SHOP\RELEASE\TEST_SURF_OCL.OBJ
C:\USERS\NISHENG\DOCUMENTS\VISUAL STUDIO 2015\PROJECTS\ZKB_SHOP\ZKB_SHOP\RELEASE\TEST_TEMPLMATCH.OBJ
C:\USERS\NISHENG\DOCUMENTS\VISUAL STUDIO 2015\PROJECTS\ZKB_SHOP\ZKB_SHOP\RELEASE\TEST_THRESH.OBJ
C:\USERS\NISHENG\DOCUMENTS\VISUAL STUDIO 2015\PROJECTS\ZKB_SHOP\ZKB_SHOP\RELEASE\TEST_TVL1OPTFLOW.OBJ
C:\USERS\NISHENG\DOCUMENTS\VISUAL STUDIO 2015\PROJECTS\ZKB_SHOP\ZKB_SHOP\RELEASE\TEST_UNDISTORT.OBJ
C:\USERS\NISHENG\DOCUMENTS\VISUAL STUDIO 2015\PROJECTS\ZKB_SHOP\ZKB_SHOP\RELEASE\TEST_UNDISTORT_BADARG.OBJ
C:\USERS\NISHENG\DOCUMENTS\VISUAL STUDIO 2015\PROJECTS\ZKB_SHOP\ZKB_SHOP\RELEASE\TEST_UNDISTORT_POINTS.OBJ
C:\USERS\NISHENG\DOCUMENTS\VISUAL STUDIO 2015\PROJECTS\ZKB_SHOP\ZKB_SHOP\RELEASE\TEST_WATERSHED.OBJ
C:\USERS\NISHENG\DOCUMENTS\VISUAL STUDIO 2015\PROJECTS\ZKB_SHOP\ZKB_SHOP\RELEASE\THRESH.OBJ
C:\USERS\NISHENG\DOCUMENTS\VISUAL STUDIO 2015\PROJECTS\ZKB_SHOP\ZKB_SHOP\RELEASE\UNDISTORT.OBJ
C:\USERS\NISHENG\DOCUMENTS\VISUAL STUDIO 2015\PROJECTS\ZKB_SHOP\ZKB_SHOP\RELEASE\UTILS.OBJ
C:\USERS\NISHENG\DOCUMENTS\VISUAL STUDIO 2015\PROJECTS\ZKB_SHOP\ZKB_SHOP\RELEASE\VC100.PDB
C:\Users\NiSheng\Documents\Visual Studio 2015\Projects\ZKB_shop\ZKB_shop\Release\vc140.pdb
C:\USERS\NISHENG\DOCUMENTS\VISUAL STUDIO 2015\PROJECTS\ZKB_SHOP\ZKB_SHOP\RELEASE\WINDOW.OBJ
C:\USERS\NISHENG\DOCUMENTS\VISUAL STUDIO 2015\PROJECTS\ZKB_SHOP\ZKB_SHOP\RELEASE\WINDOW_GTK.OBJ
C:\USERS\NISHENG\DOCUMENTS\VISUAL STUDIO 2015\PROJECTS\ZKB_SHOP\ZKB_SHOP\RELEASE\WINDOW_QT.OBJ
C:\USERS\NISHENG\DOCUMENTS\VISUAL STUDIO 2015\PROJECTS\ZKB_SHOP\ZKB_SHOP\RELEASE\ZKB_SHOP.EXE.INTERMEDIATE.MANIFEST
