E:\ZKB_SHOP - PHONEPICTURE\DEBUG\ZKB_SHOP.EXE
E:\ZKB_SHOP - PHONEPICTURE\DEBUG\ZKB_SHOP.ILK
E:\ZKB_SHOP - PHONEPICTURE\DEBUG\ZKB_SHOP.PDB
E:\ZKB_SHOP - PHONEPICTURE\ZKB_SHOP\DEBUG\ASTARBASE.OBJ
E:\ZKB_shop - PHONEPICTURE\ZKB_shop\Debug\cl.command.1.tlog
E:\ZKB_shop - PHONEPICTURE\ZKB_shop\Debug\CL.read.1.tlog
E:\ZKB_shop - PHONEPICTURE\ZKB_shop\Debug\CL.write.1.tlog
E:\ZKB_SHOP - PHONEPICTURE\ZKB_SHOP\DEBUG\DATA.OBJ
E:\ZKB_shop - PHONEPICTURE\ZKB_shop\Debug\link.5404.read.1.tlog
E:\ZKB_shop - PHONEPICTURE\ZKB_shop\Debug\link.5404.write.1.tlog
E:\ZKB_shop - PHONEPICTURE\ZKB_shop\Debug\link.5404-cvtres.read.1.tlog
E:\ZKB_shop - PHONEPICTURE\ZKB_shop\Debug\link.5404-cvtres.write.1.tlog
E:\ZKB_shop - PHONEPICTURE\ZKB_shop\Debug\link.command.1.tlog
E:\ZKB_shop - PHONEPICTURE\ZKB_shop\Debug\link.read.1.tlog
E:\ZKB_shop - PHONEPICTURE\ZKB_shop\Debug\link.write.1.tlog
E:\ZKB_shop - PHONEPICTURE\ZKB_shop\Debug\link-cvtres.read.1.tlog
E:\ZKB_shop - PHONEPICTURE\ZKB_shop\Debug\link-cvtres.write.1.tlog
E:\ZKB_SHOP - PHONEPICTURE\ZKB_SHOP\DEBUG\MAIN.OBJ
E:\ZKB_shop - PHONEPICTURE\ZKB_shop\Debug\mt.command.1.tlog
E:\ZKB_shop - PHONEPICTURE\ZKB_shop\Debug\mt.read.1.tlog
E:\ZKB_shop - PHONEPICTURE\ZKB_shop\Debug\mt.write.1.tlog
E:\ZKB_SHOP - PHONEPICTURE\ZKB_SHOP\DEBUG\MYPORT.OBJ
E:\ZKB_SHOP - PHONEPICTURE\ZKB_SHOP\DEBUG\MYTOOLS.OBJ
E:\ZKB_SHOP - PHONEPICTURE\ZKB_SHOP\DEBUG\OBJDETECTOR.OBJ
E:\ZKB_SHOP - PHONEPICTURE\ZKB_SHOP\DEBUG\ONEATATIME.OBJ
E:\ZKB_shop - PHONEPICTURE\ZKB_shop\Debug\rc.command.1.tlog
E:\ZKB_shop - PHONEPICTURE\ZKB_shop\Debug\rc.read.1.tlog
E:\ZKB_shop - PHONEPICTURE\ZKB_shop\Debug\rc.write.1.tlog
E:\ZKB_SHOP - PHONEPICTURE\ZKB_SHOP\DEBUG\SERIALPORT.OBJ
E:\ZKB_SHOP - PHONEPICTURE\ZKB_SHOP\DEBUG\STDAFX.OBJ
E:\ZKB_shop - PHONEPICTURE\ZKB_shop\Debug\vc100.idb
E:\ZKB_SHOP - PHONEPICTURE\ZKB_SHOP\DEBUG\VC100.PDB
E:\ZKB_SHOP - PHONEPICTURE\ZKB_SHOP\DEBUG\ZKB_SHOP.EXE.EMBED.MANIFEST
E:\ZKB_SHOP - PHONEPICTURE\ZKB_SHOP\DEBUG\ZKB_SHOP.EXE.EMBED.MANIFEST.RES
E:\ZKB_SHOP - PHONEPICTURE\ZKB_SHOP\DEBUG\ZKB_SHOP.EXE.INTERMEDIATE.MANIFEST
E:\ZKB_shop - PHONEPICTURE\ZKB_shop\Debug\ZKB_shop_manifest.rc
